<?xml version="1.0" encoding="UTF-8"?>
<!-- Generated by org.testng.reporters.JUnitXMLReporter -->
<testsuite hostname="LAPTOP-0DTB49BH" ignored="0" name="Virtual Facility Test" tests="2" failures="0" timestamp="03 Sep 2019 13:48:23 GMT" time="66.54" errors="0">
  <testcase name="Virtual_Facility_Coding_Challenge_1" time="34.044" classname="virtualfacility.qa.Test.VirtualFacilityTest"/>
  <testcase name="Virtual_Facility_Coding_Challenge_2" time="8.334" classname="virtualfacility.qa.Test.VirtualFacilityTest"/>
</testsuite> <!-- Virtual Facility Test -->
