<?xml version="1.0" encoding="UTF-8"?>
<testng-results skipped="0" failed="0" ignored="0" total="2" passed="2">
  <reporter-output>
  </reporter-output>
  <suite name="Virtual Facility Test Suite" duration-ms="33698" started-at="2019-09-03T14:30:59Z" finished-at="2019-09-03T14:31:33Z">
    <groups>
    </groups>
    <test name="Virtual Facility Test" duration-ms="33698" started-at="2019-09-03T14:30:59Z" finished-at="2019-09-03T14:31:33Z">
      <class name="virtualfacility.qa.Test.VirtualFacilityTest">
        <test-method status="PASS" signature="setUp()[pri:0, instance:virtualfacility.qa.Test.VirtualFacilityTest@6a396c1e]" name="setUp" is-config="true" duration-ms="10369" started-at="2019-09-03T14:30:59Z" finished-at="2019-09-03T14:31:09Z">
          <reporter-output>
          </reporter-output>
        </test-method> <!-- setUp -->
        <test-method status="PASS" signature="Virtual_Facility_Coding_Challenge_1()[pri:1, instance:virtualfacility.qa.Test.VirtualFacilityTest@6a396c1e]" name="Virtual_Facility_Coding_Challenge_1" duration-ms="3912" started-at="2019-09-03T14:31:09Z" finished-at="2019-09-03T14:31:13Z">
          <reporter-output>
          </reporter-output>
        </test-method> <!-- Virtual_Facility_Coding_Challenge_1 -->
        <test-method status="PASS" signature="tearDown()[pri:0, instance:virtualfacility.qa.Test.VirtualFacilityTest@6a396c1e]" name="tearDown" is-config="true" duration-ms="675" started-at="2019-09-03T14:31:13Z" finished-at="2019-09-03T14:31:14Z">
          <reporter-output>
          </reporter-output>
        </test-method> <!-- tearDown -->
        <test-method status="PASS" signature="setUp()[pri:0, instance:virtualfacility.qa.Test.VirtualFacilityTest@6a396c1e]" name="setUp" is-config="true" duration-ms="9227" started-at="2019-09-03T14:31:14Z" finished-at="2019-09-03T14:31:23Z">
          <reporter-output>
          </reporter-output>
        </test-method> <!-- setUp -->
        <test-method status="PASS" signature="Virtual_Facility_Coding_Challenge_2()[pri:2, instance:virtualfacility.qa.Test.VirtualFacilityTest@6a396c1e]" name="Virtual_Facility_Coding_Challenge_2" duration-ms="8768" started-at="2019-09-03T14:31:23Z" finished-at="2019-09-03T14:31:32Z">
          <reporter-output>
          </reporter-output>
        </test-method> <!-- Virtual_Facility_Coding_Challenge_2 -->
        <test-method status="PASS" signature="tearDown()[pri:0, instance:virtualfacility.qa.Test.VirtualFacilityTest@6a396c1e]" name="tearDown" is-config="true" duration-ms="679" started-at="2019-09-03T14:31:32Z" finished-at="2019-09-03T14:31:33Z">
          <reporter-output>
          </reporter-output>
        </test-method> <!-- tearDown -->
      </class> <!-- virtualfacility.qa.Test.VirtualFacilityTest -->
    </test> <!-- Virtual Facility Test -->
  </suite> <!-- Virtual Facility Test Suite -->
</testng-results>
