<?xml version="1.0" encoding="UTF-8"?>
<testng-results skipped="0" failed="0" ignored="0" total="2" passed="2">
  <reporter-output>
  </reporter-output>
  <suite name="Virtual Facility Test Suite" duration-ms="66540" started-at="2019-09-03T13:47:17Z" finished-at="2019-09-03T13:48:23Z">
    <groups>
    </groups>
    <test name="Virtual Facility Test" duration-ms="66540" started-at="2019-09-03T13:47:17Z" finished-at="2019-09-03T13:48:23Z">
      <class name="virtualfacility.qa.Test.VirtualFacilityTest">
        <test-method status="PASS" signature="setUp()[pri:0, instance:virtualfacility.qa.Test.VirtualFacilityTest@6a396c1e]" name="setUp" is-config="true" duration-ms="12578" started-at="2019-09-03T13:47:17Z" finished-at="2019-09-03T13:47:29Z">
          <reporter-output>
          </reporter-output>
        </test-method> <!-- setUp -->
        <test-method status="PASS" signature="Virtual_Facility_Coding_Challenge_1()[pri:1, instance:virtualfacility.qa.Test.VirtualFacilityTest@6a396c1e]" name="Virtual_Facility_Coding_Challenge_1" duration-ms="34044" started-at="2019-09-03T13:47:29Z" finished-at="2019-09-03T13:48:04Z">
          <reporter-output>
          </reporter-output>
        </test-method> <!-- Virtual_Facility_Coding_Challenge_1 -->
        <test-method status="PASS" signature="tearDown()[pri:0, instance:virtualfacility.qa.Test.VirtualFacilityTest@6a396c1e]" name="tearDown" is-config="true" duration-ms="722" started-at="2019-09-03T13:48:04Z" finished-at="2019-09-03T13:48:04Z">
          <reporter-output>
          </reporter-output>
        </test-method> <!-- tearDown -->
        <test-method status="PASS" signature="setUp()[pri:0, instance:virtualfacility.qa.Test.VirtualFacilityTest@6a396c1e]" name="setUp" is-config="true" duration-ms="10115" started-at="2019-09-03T13:48:04Z" finished-at="2019-09-03T13:48:14Z">
          <reporter-output>
          </reporter-output>
        </test-method> <!-- setUp -->
        <test-method status="PASS" signature="Virtual_Facility_Coding_Challenge_2()[pri:2, instance:virtualfacility.qa.Test.VirtualFacilityTest@6a396c1e]" name="Virtual_Facility_Coding_Challenge_2" duration-ms="8334" started-at="2019-09-03T13:48:14Z" finished-at="2019-09-03T13:48:23Z">
          <reporter-output>
          </reporter-output>
        </test-method> <!-- Virtual_Facility_Coding_Challenge_2 -->
        <test-method status="PASS" signature="tearDown()[pri:0, instance:virtualfacility.qa.Test.VirtualFacilityTest@6a396c1e]" name="tearDown" is-config="true" duration-ms="703" started-at="2019-09-03T13:48:23Z" finished-at="2019-09-03T13:48:23Z">
          <reporter-output>
          </reporter-output>
        </test-method> <!-- tearDown -->
      </class> <!-- virtualfacility.qa.Test.VirtualFacilityTest -->
    </test> <!-- Virtual Facility Test -->
  </suite> <!-- Virtual Facility Test Suite -->
</testng-results>
